                                      1 ;--------------------------------------------------------
                                      2 ; File Created by SDCC : free open source ANSI-C Compiler
                                      3 ; Version 3.6.0 #9615 (Linux)
                                      4 ;--------------------------------------------------------
                                      5 	.module spi
                                      6 	.optsdcc -mstm8
                                      7 	
                                      8 ;--------------------------------------------------------
                                      9 ; Public variables in this module
                                     10 ;--------------------------------------------------------
                                     11 	.globl _SPI_init
                                     12 	.globl _SPI_read
                                     13 	.globl _SPI_write
                                     14 ;--------------------------------------------------------
                                     15 ; ram data
                                     16 ;--------------------------------------------------------
                                     17 	.area DATA
                                     18 ;--------------------------------------------------------
                                     19 ; ram data
                                     20 ;--------------------------------------------------------
                                     21 	.area INITIALIZED
                                     22 ;--------------------------------------------------------
                                     23 ; absolute external ram data
                                     24 ;--------------------------------------------------------
                                     25 	.area DABS (ABS)
                                     26 ;--------------------------------------------------------
                                     27 ; global & static initialisations
                                     28 ;--------------------------------------------------------
                                     29 	.area HOME
                                     30 	.area GSINIT
                                     31 	.area GSFINAL
                                     32 	.area GSINIT
                                     33 ;--------------------------------------------------------
                                     34 ; Home
                                     35 ;--------------------------------------------------------
                                     36 	.area HOME
                                     37 	.area HOME
                                     38 ;--------------------------------------------------------
                                     39 ; code
                                     40 ;--------------------------------------------------------
                                     41 	.area CODE
                                     42 ;	/home/scott/Samples/stm8-bare-min/stm8/spi.c: 4: void SPI_init() {
                                     43 ;	-----------------------------------------
                                     44 ;	 function SPI_init
                                     45 ;	-----------------------------------------
      000000                         46 _SPI_init:
                                     47 ;	/home/scott/Samples/stm8-bare-min/stm8/spi.c: 5: SPI_CR1 = (1 << SPI_CR1_MSTR) | (1 << SPI_CR1_SPE) | (1 << SPI_CR1_BR1);
      000000 35 54 52 00      [ 1]   48 	mov	0x5200+0, #0x54
                                     49 ;	/home/scott/Samples/stm8-bare-min/stm8/spi.c: 6: SPI_CR2 = (1 << SPI_CR2_SSM) | (1 << SPI_CR2_SSI) | (1 << SPI_CR2_BDM) | (1 << SPI_CR2_BDOE);
      000004 35 C3 52 01      [ 1]   50 	mov	0x5201+0, #0xc3
      000008 81               [ 4]   51 	ret
                                     52 ;	/home/scott/Samples/stm8-bare-min/stm8/spi.c: 9: uint8_t SPI_read() {
                                     53 ;	-----------------------------------------
                                     54 ;	 function SPI_read
                                     55 ;	-----------------------------------------
      000009                         56 _SPI_read:
                                     57 ;	/home/scott/Samples/stm8-bare-min/stm8/spi.c: 10: SPI_write(0xFF);
      000009 4B FF            [ 1]   58 	push	#0xff
      00000B CDr00r1B         [ 4]   59 	call	_SPI_write
      00000E 84               [ 1]   60 	pop	a
                                     61 ;	/home/scott/Samples/stm8-bare-min/stm8/spi.c: 11: while (!(SPI_SR & (1 << SPI_SR_RXNE)));
      00000F                         62 00101$:
      00000F AE 52 03         [ 2]   63 	ldw	x, #0x5203
      000012 F6               [ 1]   64 	ld	a, (x)
      000013 44               [ 1]   65 	srl	a
      000014 24 F9            [ 1]   66 	jrnc	00101$
                                     67 ;	/home/scott/Samples/stm8-bare-min/stm8/spi.c: 12: return SPI_DR;
      000016 AE 52 04         [ 2]   68 	ldw	x, #0x5204
      000019 F6               [ 1]   69 	ld	a, (x)
      00001A 81               [ 4]   70 	ret
                                     71 ;	/home/scott/Samples/stm8-bare-min/stm8/spi.c: 15: void SPI_write(uint8_t data) {
                                     72 ;	-----------------------------------------
                                     73 ;	 function SPI_write
                                     74 ;	-----------------------------------------
      00001B                         75 _SPI_write:
                                     76 ;	/home/scott/Samples/stm8-bare-min/stm8/spi.c: 16: SPI_DR = data;
      00001B AE 52 04         [ 2]   77 	ldw	x, #0x5204
      00001E 7B 03            [ 1]   78 	ld	a, (0x03, sp)
      000020 F7               [ 1]   79 	ld	(x), a
                                     80 ;	/home/scott/Samples/stm8-bare-min/stm8/spi.c: 17: while (!(SPI_SR & (1 << SPI_SR_TXE)));
      000021                         81 00101$:
      000021 AE 52 03         [ 2]   82 	ldw	x, #0x5203
      000024 F6               [ 1]   83 	ld	a, (x)
      000025 A5 02            [ 1]   84 	bcp	a, #0x02
      000027 27 F8            [ 1]   85 	jreq	00101$
      000029 81               [ 4]   86 	ret
                                     87 	.area CODE
                                     88 	.area INITIALIZER
                                     89 	.area CABS (ABS)
